# JRE version: OpenJDK Runtime Environment (8.0_242-b01) (build 1.8.0_242-release-1644-b01)
# Java VM: OpenJDK 64-Bit Server VM (25.242-b01 mixed mode windows-amd64 compressed oops)
Heap:
 PSYoungGen      total 142848K, used 120499K [0x00000000d5580000, 0x00000000df480000, 0x0000000100000000)
  eden space 131072K, 82% used [0x00000000d5580000,0x00000000dbfb2f00,0x00000000dd580000)
  from space 11776K, 99% used [0x00000000de900000,0x00000000df479dd0,0x00000000df480000)
  to   space 13312K, 0% used [0x00000000dda80000,0x00000000dda80000,0x00000000de780000)
 ParOldGen       total 91648K, used 16516K [0x0000000080000000, 0x0000000085980000, 0x00000000d5580000)
  object space 91648K, 18% used [0x0000000080000000,0x0000000081021230,0x0000000085980000)
 Metaspace       used 52402K, capacity 54364K, committed 54440K, reserved 1095680K
  class space    used 7123K, capacity 7589K, committed 7600K, reserved 1048576K
GC Heap History (10 events):
Event: 6.471 GC heap before
{Heap before GC invocations=8 (full 1):
 PSYoungGen      total 76800K, used 66048K [0x00000000d5580000, 0x00000000dac80000, 0x0000000100000000)
  eden space 66048K, 100% used [0x00000000d5580000,0x00000000d9600000,0x00000000d9600000)
  from space 10752K, 0% used [0x00000000da100000,0x00000000da100000,0x00000000dab80000)
  to   space 11264K, 0% used [0x00000000d9600000,0x00000000d9600000,0x00000000da100000)
 ParOldGen       total 61952K, used 9233K [0x0000000080000000, 0x0000000083c80000, 0x00000000d5580000)
  object space 61952K, 14% used [0x0000000080000000,0x00000000809044b0,0x0000000083c80000)
 Metaspace       used 28181K, capacity 28928K, committed 29232K, reserved 1075200K
  class space    used 3895K, capacity 4131K, committed 4144K, reserved 1048576K
Event: 6.482 GC heap after
Heap after GC invocations=8 (full 1):
 PSYoungGen      total 77312K, used 8142K [0x00000000d5580000, 0x00000000dcf80000, 0x0000000100000000)
  eden space 66048K, 0% used [0x00000000d5580000,0x00000000d5580000,0x00000000d9600000)
  from space 11264K, 72% used [0x00000000d9600000,0x00000000d9df3a88,0x00000000da100000)
  to   space 11264K, 0% used [0x00000000dc480000,0x00000000dc480000,0x00000000dcf80000)
 ParOldGen       total 61952K, used 9241K [0x0000000080000000, 0x0000000083c80000, 0x00000000d5580000)
  object space 61952K, 14% used [0x0000000080000000,0x00000000809064b0,0x0000000083c80000)
 Metaspace       used 28181K, capacity 28928K, committed 29232K, reserved 1075200K
  class space    used 3895K, capacity 4131K, committed 4144K, reserved 1048576K
}
Event: 7.570 GC heap before
{Heap before GC invocations=9 (full 1):
 PSYoungGen      total 77312K, used 74190K [0x00000000d5580000, 0x00000000dcf80000, 0x0000000100000000)
  eden space 66048K, 100% used [0x00000000d5580000,0x00000000d9600000,0x00000000d9600000)
  from space 11264K, 72% used [0x00000000d9600000,0x00000000d9df3a88,0x00000000da100000)
  to   space 11264K, 0% used [0x00000000dc480000,0x00000000dc480000,0x00000000dcf80000)
 ParOldGen       total 61952K, used 9241K [0x0000000080000000, 0x0000000083c80000, 0x00000000d5580000)
  object space 61952K, 14% used [0x0000000080000000,0x00000000809064b0,0x0000000083c80000)
 Metaspace       used 32341K, capacity 33124K, committed 33328K, reserved 1077248K
  class space    used 4417K, capacity 4613K, committed 4656K, reserved 1048576K
Event: 7.585 GC heap after
Heap after GC invocations=9 (full 1):
 PSYoungGen      total 113152K, used 8671K [0x00000000d5580000, 0x00000000dd100000, 0x0000000100000000)
  eden space 101888K, 0% used [0x00000000d5580000,0x00000000d5580000,0x00000000db900000)
  from space 11264K, 76% used [0x00000000dc480000,0x00000000dccf7fd8,0x00000000dcf80000)
  to   space 11776K, 0% used [0x00000000db900000,0x00000000db900000,0x00000000dc480000)
 ParOldGen       total 61952K, used 9249K [0x0000000080000000, 0x0000000083c80000, 0x00000000d5580000)
  object space 61952K, 14% used [0x0000000080000000,0x00000000809084b0,0x0000000083c80000)
 Metaspace       used 32341K, capacity 33124K, committed 33328K, reserved 1077248K
  class space    used 4417K, capacity 4613K, committed 4656K, reserved 1048576K
}
Event: 8.054 GC heap before
{Heap before GC invocations=10 (full 1):
 PSYoungGen      total 113152K, used 56100K [0x00000000d5580000, 0x00000000dd100000, 0x0000000100000000)
  eden space 101888K, 46% used [0x00000000d5580000,0x00000000d83d1330,0x00000000db900000)
  from space 11264K, 76% used [0x00000000dc480000,0x00000000dccf7fd8,0x00000000dcf80000)
  to   space 11776K, 0% used [0x00000000db900000,0x00000000db900000,0x00000000dc480000)
 ParOldGen       total 61952K, used 9249K [0x0000000080000000, 0x0000000083c80000, 0x00000000d5580000)
  object space 61952K, 14% used [0x0000000080000000,0x00000000809084b0,0x0000000083c80000)
 Metaspace       used 34517K, capacity 35442K, committed 35496K, reserved 1079296K
  class space    used 4737K, capacity 5006K, committed 5040K, reserved 1048576K
Event: 8.066 GC heap after
Heap after GC invocations=10 (full 1):
 PSYoungGen      total 113664K, used 8707K [0x00000000d5580000, 0x00000000df480000, 0x0000000100000000)
  eden space 101888K, 0% used [0x00000000d5580000,0x00000000d5580000,0x00000000db900000)
  from space 11776K, 73% used [0x00000000db900000,0x00000000dc180e90,0x00000000dc480000)
  to   space 11776K, 0% used [0x00000000de900000,0x00000000de900000,0x00000000df480000)
 ParOldGen       total 61952K, used 9257K [0x0000000080000000, 0x0000000083c80000, 0x00000000d5580000)
  object space 61952K, 14% used [0x0000000080000000,0x000000008090a4b0,0x0000000083c80000)
 Metaspace       used 34517K, capacity 35442K, committed 35496K, reserved 1079296K
  class space    used 4737K, capacity 5006K, committed 5040K, reserved 1048576K
}
Event: 8.066 GC heap before
{Heap before GC invocations=11 (full 2):
 PSYoungGen      total 113664K, used 8707K [0x00000000d5580000, 0x00000000df480000, 0x0000000100000000)
  eden space 101888K, 0% used [0x00000000d5580000,0x00000000d5580000,0x00000000db900000)
  from space 11776K, 73% used [0x00000000db900000,0x00000000dc180e90,0x00000000dc480000)
  to   space 11776K, 0% used [0x00000000de900000,0x00000000de900000,0x00000000df480000)
 ParOldGen       total 61952K, used 9257K [0x0000000080000000, 0x0000000083c80000, 0x00000000d5580000)
  object space 61952K, 14% used [0x0000000080000000,0x000000008090a4b0,0x0000000083c80000)
 Metaspace       used 34517K, capacity 35442K, committed 35496K, reserved 1079296K
  class space    used 4737K, capacity 5006K, committed 5040K, reserved 1048576K
Event: 8.121 GC heap after
Heap after GC invocations=11 (full 2):
 PSYoungGen      total 113664K, used 0K [0x00000000d5580000, 0x00000000df480000, 0x0000000100000000)
  eden space 101888K, 0% used [0x00000000d5580000,0x00000000d5580000,0x00000000db900000)
  from space 11776K, 0% used [0x00000000db900000,0x00000000db900000,0x00000000dc480000)
  to   space 11776K, 0% used [0x00000000de900000,0x00000000de900000,0x00000000df480000)
 ParOldGen       total 91648K, used 15523K [0x0000000080000000, 0x0000000085980000, 0x00000000d5580000)
  object space 91648K, 16% used [0x0000000080000000,0x0000000080f28fc8,0x0000000085980000)
 Metaspace       used 34517K, capacity 35442K, committed 35496K, reserved 1079296K
  class space    used 4737K, capacity 5006K, committed 5040K, reserved 1048576K
}
Event: 9.647 GC heap before
{Heap before GC invocations=12 (full 2):
 PSYoungGen      total 113664K, used 101888K [0x00000000d5580000, 0x00000000df480000, 0x0000000100000000)
  eden space 101888K, 100% used [0x00000000d5580000,0x00000000db900000,0x00000000db900000)
  from space 11776K, 0% used [0x00000000db900000,0x00000000db900000,0x00000000dc480000)
  to   space 11776K, 0% used [0x00000000de900000,0x00000000de900000,0x00000000df480000)
 ParOldGen       total 91648K, used 15523K [0x0000000080000000, 0x0000000085980000, 0x00000000d5580000)
  object space 91648K, 16% used [0x0000000080000000,0x0000000080f28fc8,0x0000000085980000)
 Metaspace       used 43160K, capacity 44668K, committed 44968K, reserved 1087488K
  class space    used 5867K, capacity 6238K, committed 6320K, reserved 1048576K
Event: 9.659 GC heap after
Heap after GC invocations=12 (full 2):
 PSYoungGen      total 142848K, used 11751K [0x00000000d5580000, 0x00000000df480000, 0x0000000100000000)
  eden space 131072K, 0% used [0x00000000d5580000,0x00000000d5580000,0x00000000dd580000)
  from space 11776K, 99% used [0x00000000de900000,0x00000000df479dd0,0x00000000df480000)
  to   space 13312K, 0% used [0x00000000dda80000,0x00000000dda80000,0x00000000de780000)
 ParOldGen       total 91648K, used 16516K [0x0000000080000000, 0x0000000085980000, 0x00000000d5580000)
  object space 91648K, 18% used [0x0000000080000000,0x0000000081021230,0x0000000085980000)
 Metaspace       used 43160K, capacity 44668K, committed 44968K, reserved 1087488K
  class space    used 5867K, capacity 6238K, committed 6320K, reserved 1048576K
}

