# JRE version: OpenJDK Runtime Environment (8.0_242-b01) (build 1.8.0_242-release-1644-b01)
# Java VM: OpenJDK 64-Bit Server VM (25.242-b01 mixed mode windows-amd64 compressed oops)
Heap:
 PSYoungGen      total 203776K, used 46312K [0x00000000d5580000, 0x00000000e3f80000, 0x0000000100000000)
  eden space 186368K, 16% used [0x00000000d5580000,0x00000000d72b5cd8,0x00000000e0b80000)
  from space 17408K, 94% used [0x00000000e2e80000,0x00000000e3e84558,0x00000000e3f80000)
  to   space 26624K, 0% used [0x00000000e0b80000,0x00000000e0b80000,0x00000000e2580000)
 ParOldGen       total 135680K, used 54977K [0x0000000080000000, 0x0000000088480000, 0x00000000d5580000)
  object space 135680K, 40% used [0x0000000080000000,0x00000000835b04c8,0x0000000088480000)
 Metaspace       used 85813K, capacity 90496K, committed 90520K, reserved 1128448K
  class space    used 11250K, capacity 12169K, committed 12184K, reserved 1048576K
GC Heap History (10 events):
Event: 9.760 GC heap before
{Heap before GC invocations=15 (full 3):
 PSYoungGen      total 188928K, used 12918K [0x00000000d5580000, 0x00000000e3500000, 0x0000000100000000)
  eden space 171520K, 0% used [0x00000000d5580000,0x00000000d5580000,0x00000000dfd00000)
  from space 17408K, 74% used [0x00000000e0e80000,0x00000000e1b1dbe0,0x00000000e1f80000)
  to   space 17920K, 0% used [0x00000000dfd00000,0x00000000dfd00000,0x00000000e0e80000)
 ParOldGen       total 88576K, used 31379K [0x0000000080000000, 0x0000000085680000, 0x00000000d5580000)
  object space 88576K, 35% used [0x0000000080000000,0x0000000081ea4e98,0x0000000085680000)
 Metaspace       used 56884K, capacity 59034K, committed 59160K, reserved 1099776K
  class space    used 7645K, capacity 8136K, committed 8216K, reserved 1048576K
Event: 9.960 GC heap after
Heap after GC invocations=15 (full 3):
 PSYoungGen      total 188928K, used 0K [0x00000000d5580000, 0x00000000e3500000, 0x0000000100000000)
  eden space 171520K, 0% used [0x00000000d5580000,0x00000000d5580000,0x00000000dfd00000)
  from space 17408K, 0% used [0x00000000e0e80000,0x00000000e0e80000,0x00000000e1f80000)
  to   space 17920K, 0% used [0x00000000dfd00000,0x00000000dfd00000,0x00000000e0e80000)
 ParOldGen       total 135680K, used 33115K [0x0000000080000000, 0x0000000088480000, 0x00000000d5580000)
  object space 135680K, 24% used [0x0000000080000000,0x0000000082056e68,0x0000000088480000)
 Metaspace       used 56825K, capacity 58838K, committed 59160K, reserved 1099776K
  class space    used 7628K, capacity 8109K, committed 8216K, reserved 1048576K
}
Event: 11.563 GC heap before
{Heap before GC invocations=16 (full 3):
 PSYoungGen      total 188928K, used 171520K [0x00000000d5580000, 0x00000000e3500000, 0x0000000100000000)
  eden space 171520K, 100% used [0x00000000d5580000,0x00000000dfd00000,0x00000000dfd00000)
  from space 17408K, 0% used [0x00000000e0e80000,0x00000000e0e80000,0x00000000e1f80000)
  to   space 17920K, 0% used [0x00000000dfd00000,0x00000000dfd00000,0x00000000e0e80000)
 ParOldGen       total 135680K, used 33115K [0x0000000080000000, 0x0000000088480000, 0x00000000d5580000)
  object space 135680K, 24% used [0x0000000080000000,0x0000000082056e68,0x0000000088480000)
 Metaspace       used 64899K, capacity 67424K, committed 67480K, reserved 1107968K
  class space    used 8824K, capacity 9356K, committed 9368K, reserved 1048576K
Event: 11.577 GC heap after
Heap after GC invocations=16 (full 3):
 PSYoungGen      total 189440K, used 13884K [0x00000000d5580000, 0x00000000e4300000, 0x0000000100000000)
  eden space 171520K, 0% used [0x00000000d5580000,0x00000000d5580000,0x00000000dfd00000)
  from space 17920K, 77% used [0x00000000dfd00000,0x00000000e0a8f0d0,0x00000000e0e80000)
  to   space 18944K, 0% used [0x00000000e3080000,0x00000000e3080000,0x00000000e4300000)
 ParOldGen       total 135680K, used 33123K [0x0000000080000000, 0x0000000088480000, 0x00000000d5580000)
  object space 135680K, 24% used [0x0000000080000000,0x0000000082058e68,0x0000000088480000)
 Metaspace       used 64899K, capacity 67424K, committed 67480K, reserved 1107968K
  class space    used 8824K, capacity 9356K, committed 9368K, reserved 1048576K
}
Event: 1883.049 GC heap before
{Heap before GC invocations=17 (full 3):
 PSYoungGen      total 189440K, used 185404K [0x00000000d5580000, 0x00000000e4300000, 0x0000000100000000)
  eden space 171520K, 100% used [0x00000000d5580000,0x00000000dfd00000,0x00000000dfd00000)
  from space 17920K, 77% used [0x00000000dfd00000,0x00000000e0a8f0d0,0x00000000e0e80000)
  to   space 18944K, 0% used [0x00000000e3080000,0x00000000e3080000,0x00000000e4300000)
 ParOldGen       total 135680K, used 33123K [0x0000000080000000, 0x0000000088480000, 0x00000000d5580000)
  object space 135680K, 24% used [0x0000000080000000,0x0000000082058e68,0x0000000088480000)
 Metaspace       used 76492K, capacity 80152K, committed 80408K, reserved 1118208K
  class space    used 10232K, capacity 10966K, committed 11032K, reserved 1048576K
Event: 1883.180 GC heap after
Heap after GC invocations=17 (full 3):
 PSYoungGen      total 218112K, used 18942K [0x00000000d5580000, 0x00000000e4500000, 0x0000000100000000)
  eden space 199168K, 0% used [0x00000000d5580000,0x00000000d5580000,0x00000000e1800000)
  from space 18944K, 99% used [0x00000000e3080000,0x00000000e42ffbc8,0x00000000e4300000)
  to   space 23040K, 0% used [0x00000000e1800000,0x00000000e1800000,0x00000000e2e80000)
 ParOldGen       total 135680K, used 37865K [0x0000000080000000, 0x0000000088480000, 0x00000000d5580000)
  object space 135680K, 27% used [0x0000000080000000,0x00000000824fa520,0x0000000088480000)
 Metaspace       used 76492K, capacity 80152K, committed 80408K, reserved 1118208K
  class space    used 10232K, capacity 10966K, committed 11032K, reserved 1048576K
}
Event: 4873.812 GC heap before
{Heap before GC invocations=18 (full 3):
 PSYoungGen      total 218112K, used 218108K [0x00000000d5580000, 0x00000000e4500000, 0x0000000100000000)
  eden space 199168K, 99% used [0x00000000d5580000,0x00000000e17ff5d0,0x00000000e1800000)
  from space 18944K, 99% used [0x00000000e3080000,0x00000000e42ffbc8,0x00000000e4300000)
  to   space 23040K, 0% used [0x00000000e1800000,0x00000000e1800000,0x00000000e2e80000)
 ParOldGen       total 135680K, used 37865K [0x0000000080000000, 0x0000000088480000, 0x00000000d5580000)
  object space 135680K, 27% used [0x0000000080000000,0x00000000824fa520,0x0000000088480000)
 Metaspace       used 79078K, capacity 83338K, committed 83608K, reserved 1122304K
  class space    used 10468K, capacity 11300K, committed 11416K, reserved 1048576K
Event: 4873.915 GC heap after
Heap after GC invocations=18 (full 3):
 PSYoungGen      total 215552K, used 23027K [0x00000000d5580000, 0x00000000e4580000, 0x0000000100000000)
  eden space 192512K, 0% used [0x00000000d5580000,0x00000000d5580000,0x00000000e1180000)
  from space 23040K, 99% used [0x00000000e1800000,0x00000000e2e7cde0,0x00000000e2e80000)
  to   space 23552K, 0% used [0x00000000e2e80000,0x00000000e2e80000,0x00000000e4580000)
 ParOldGen       total 135680K, used 39337K [0x0000000080000000, 0x0000000088480000, 0x00000000d5580000)
  object space 135680K, 28% used [0x0000000080000000,0x000000008266a678,0x0000000088480000)
 Metaspace       used 79078K, capacity 83338K, committed 83608K, reserved 1122304K
  class space    used 10468K, capacity 11300K, committed 11416K, reserved 1048576K
}
Event: 4893.179 GC heap before
{Heap before GC invocations=19 (full 3):
 PSYoungGen      total 215552K, used 215539K [0x00000000d5580000, 0x00000000e4580000, 0x0000000100000000)
  eden space 192512K, 100% used [0x00000000d5580000,0x00000000e1180000,0x00000000e1180000)
  from space 23040K, 99% used [0x00000000e1800000,0x00000000e2e7cde0,0x00000000e2e80000)
  to   space 23552K, 0% used [0x00000000e2e80000,0x00000000e2e80000,0x00000000e4580000)
 ParOldGen       total 135680K, used 39337K [0x0000000080000000, 0x0000000088480000, 0x00000000d5580000)
  object space 135680K, 28% used [0x0000000080000000,0x000000008266a678,0x0000000088480000)
 Metaspace       used 85039K, capacity 89562K, committed 89624K, reserved 1126400K
  class space    used 11138K, capacity 12034K, committed 12056K, reserved 1048576K
Event: 4893.211 GC heap after
Heap after GC invocations=19 (full 3):
 PSYoungGen      total 203776K, used 16401K [0x00000000d5580000, 0x00000000e3f80000, 0x0000000100000000)
  eden space 186368K, 0% used [0x00000000d5580000,0x00000000d5580000,0x00000000e0b80000)
  from space 17408K, 94% used [0x00000000e2e80000,0x00000000e3e84558,0x00000000e3f80000)
  to   space 26624K, 0% used [0x00000000e0b80000,0x00000000e0b80000,0x00000000e2580000)
 ParOldGen       total 135680K, used 54977K [0x0000000080000000, 0x0000000088480000, 0x00000000d5580000)
  object space 135680K, 40% used [0x0000000080000000,0x00000000835b04c8,0x0000000088480000)
 Metaspace       used 85039K, capacity 89562K, committed 89624K, reserved 1126400K
  class space    used 11138K, capacity 12034K, committed 12056K, reserved 1048576K
}

