# JRE version: OpenJDK Runtime Environment (8.0_242-b01) (build 1.8.0_242-release-1644-b01)
# Java VM: OpenJDK 64-Bit Server VM (25.242-b01 mixed mode windows-amd64 compressed oops)
Heap:
 PSYoungGen      total 175104K, used 147541K [0x00000000d5580000, 0x00000000e2900000, 0x0000000100000000)
  eden space 156160K, 94% used [0x00000000d5580000,0x00000000de595450,0x00000000dee00000)
  from space 18944K, 0% used [0x00000000e0080000,0x00000000e0080000,0x00000000e1300000)
  to   space 18944K, 0% used [0x00000000dee00000,0x00000000dee00000,0x00000000e0080000)
 ParOldGen       total 144384K, used 31050K [0x0000000080000000, 0x0000000088d00000, 0x00000000d5580000)
  object space 144384K, 21% used [0x0000000080000000,0x0000000081e52860,0x0000000088d00000)
 Metaspace       used 62151K, capacity 65158K, committed 65320K, reserved 1105920K
  class space    used 8582K, capacity 9186K, committed 9264K, reserved 1048576K
GC Heap History (10 events):
Event: 6.344 GC heap before
{Heap before GC invocations=11 (full 2):
 PSYoungGen      total 119296K, used 8659K [0x00000000d5580000, 0x00000000dff80000, 0x0000000100000000)
  eden space 107520K, 0% used [0x00000000d5580000,0x00000000d5580000,0x00000000dbe80000)
  from space 11776K, 73% used [0x00000000dbe80000,0x00000000dc6f4e80,0x00000000dca00000)
  to   space 11776K, 0% used [0x00000000df400000,0x00000000df400000,0x00000000dff80000)
 ParOldGen       total 59904K, used 10251K [0x0000000080000000, 0x0000000083a80000, 0x00000000d5580000)
  object space 59904K, 17% used [0x0000000080000000,0x0000000080a02cd0,0x0000000083a80000)
 Metaspace       used 34516K, capacity 35442K, committed 35496K, reserved 1079296K
  class space    used 4736K, capacity 5006K, committed 5040K, reserved 1048576K
Event: 6.423 GC heap after
Heap after GC invocations=11 (full 2):
 PSYoungGen      total 119296K, used 0K [0x00000000d5580000, 0x00000000dff80000, 0x0000000100000000)
  eden space 107520K, 0% used [0x00000000d5580000,0x00000000d5580000,0x00000000dbe80000)
  from space 11776K, 0% used [0x00000000dbe80000,0x00000000dbe80000,0x00000000dca00000)
  to   space 11776K, 0% used [0x00000000df400000,0x00000000df400000,0x00000000dff80000)
 ParOldGen       total 92672K, used 15435K [0x0000000080000000, 0x0000000085a80000, 0x00000000d5580000)
  object space 92672K, 16% used [0x0000000080000000,0x0000000080f12cb0,0x0000000085a80000)
 Metaspace       used 34516K, capacity 35442K, committed 35496K, reserved 1079296K
  class space    used 4736K, capacity 5006K, committed 5040K, reserved 1048576K
}
Event: 8.208 GC heap before
{Heap before GC invocations=12 (full 2):
 PSYoungGen      total 119296K, used 107520K [0x00000000d5580000, 0x00000000dff80000, 0x0000000100000000)
  eden space 107520K, 100% used [0x00000000d5580000,0x00000000dbe80000,0x00000000dbe80000)
  from space 11776K, 0% used [0x00000000dbe80000,0x00000000dbe80000,0x00000000dca00000)
  to   space 11776K, 0% used [0x00000000df400000,0x00000000df400000,0x00000000dff80000)
 ParOldGen       total 92672K, used 15435K [0x0000000080000000, 0x0000000085a80000, 0x00000000d5580000)
  object space 92672K, 16% used [0x0000000080000000,0x0000000080f12cb0,0x0000000085a80000)
 Metaspace       used 44031K, capacity 45562K, committed 45864K, reserved 1089536K
  class space    used 5962K, capacity 6329K, committed 6448K, reserved 1048576K
Event: 8.219 GC heap after
Heap after GC invocations=12 (full 2):
 PSYoungGen      total 141824K, used 11769K [0x00000000d5580000, 0x00000000dff80000, 0x0000000100000000)
  eden space 130048K, 0% used [0x00000000d5580000,0x00000000d5580000,0x00000000dd480000)
  from space 11776K, 99% used [0x00000000df400000,0x00000000dff7e600,0x00000000dff80000)
  to   space 13824K, 0% used [0x00000000de480000,0x00000000de480000,0x00000000df200000)
 ParOldGen       total 92672K, used 17793K [0x0000000080000000, 0x0000000085a80000, 0x00000000d5580000)
  object space 92672K, 19% used [0x0000000080000000,0x0000000081160538,0x0000000085a80000)
 Metaspace       used 44031K, capacity 45562K, committed 45864K, reserved 1089536K
  class space    used 5962K, capacity 6329K, committed 6448K, reserved 1048576K
}
Event: 10.128 GC heap before
{Heap before GC invocations=13 (full 2):
 PSYoungGen      total 141824K, used 141817K [0x00000000d5580000, 0x00000000dff80000, 0x0000000100000000)
  eden space 130048K, 100% used [0x00000000d5580000,0x00000000dd480000,0x00000000dd480000)
  from space 11776K, 99% used [0x00000000df400000,0x00000000dff7e600,0x00000000dff80000)
  to   space 13824K, 0% used [0x00000000de480000,0x00000000de480000,0x00000000df200000)
 ParOldGen       total 92672K, used 17793K [0x0000000080000000, 0x0000000085a80000, 0x00000000d5580000)
  object space 92672K, 19% used [0x0000000080000000,0x0000000081160538,0x0000000085a80000)
 Metaspace       used 54426K, capacity 56436K, committed 56616K, reserved 1097728K
  class space    used 7414K, capacity 7911K, committed 7984K, reserved 1048576K
Event: 10.144 GC heap after
Heap after GC invocations=13 (full 2):
 PSYoungGen      total 160256K, used 13814K [0x00000000d5580000, 0x00000000e1300000, 0x0000000100000000)
  eden space 146432K, 0% used [0x00000000d5580000,0x00000000d5580000,0x00000000de480000)
  from space 13824K, 99% used [0x00000000de480000,0x00000000df1fd9d8,0x00000000df200000)
  to   space 18944K, 0% used [0x00000000e0080000,0x00000000e0080000,0x00000000e1300000)
 ParOldGen       total 92672K, used 26801K [0x0000000080000000, 0x0000000085a80000, 0x00000000d5580000)
  object space 92672K, 28% used [0x0000000080000000,0x0000000081a2c7d8,0x0000000085a80000)
 Metaspace       used 54426K, capacity 56436K, committed 56616K, reserved 1097728K
  class space    used 7414K, capacity 7911K, committed 7984K, reserved 1048576K
}
Event: 10.678 GC heap before
{Heap before GC invocations=14 (full 2):
 PSYoungGen      total 160256K, used 44690K [0x00000000d5580000, 0x00000000e1300000, 0x0000000100000000)
  eden space 146432K, 21% used [0x00000000d5580000,0x00000000d73a6f68,0x00000000de480000)
  from space 13824K, 99% used [0x00000000de480000,0x00000000df1fd9d8,0x00000000df200000)
  to   space 18944K, 0% used [0x00000000e0080000,0x00000000e0080000,0x00000000e1300000)
 ParOldGen       total 92672K, used 26801K [0x0000000080000000, 0x0000000085a80000, 0x00000000d5580000)
  object space 92672K, 28% used [0x0000000080000000,0x0000000081a2c7d8,0x0000000085a80000)
 Metaspace       used 57058K, capacity 59106K, committed 59160K, reserved 1099776K
  class space    used 7818K, capacity 8314K, committed 8368K, reserved 1048576K
Event: 10.689 GC heap after
Heap after GC invocations=14 (full 2):
 PSYoungGen      total 175104K, used 3309K [0x00000000d5580000, 0x00000000e2900000, 0x0000000100000000)
  eden space 156160K, 0% used [0x00000000d5580000,0x00000000d5580000,0x00000000dee00000)
  from space 18944K, 17% used [0x00000000e0080000,0x00000000e03bb408,0x00000000e1300000)
  to   space 18944K, 0% used [0x00000000dee00000,0x00000000dee00000,0x00000000e0080000)
 ParOldGen       total 92672K, used 35566K [0x0000000080000000, 0x0000000085a80000, 0x00000000d5580000)
  object space 92672K, 38% used [0x0000000080000000,0x00000000822bb898,0x0000000085a80000)
 Metaspace       used 57058K, capacity 59106K, committed 59160K, reserved 1099776K
  class space    used 7818K, capacity 8314K, committed 8368K, reserved 1048576K
}
Event: 10.689 GC heap before
{Heap before GC invocations=15 (full 3):
 PSYoungGen      total 175104K, used 3309K [0x00000000d5580000, 0x00000000e2900000, 0x0000000100000000)
  eden space 156160K, 0% used [0x00000000d5580000,0x00000000d5580000,0x00000000dee00000)
  from space 18944K, 17% used [0x00000000e0080000,0x00000000e03bb408,0x00000000e1300000)
  to   space 18944K, 0% used [0x00000000dee00000,0x00000000dee00000,0x00000000e0080000)
 ParOldGen       total 92672K, used 35566K [0x0000000080000000, 0x0000000085a80000, 0x00000000d5580000)
  object space 92672K, 38% used [0x0000000080000000,0x00000000822bb898,0x0000000085a80000)
 Metaspace       used 57058K, capacity 59106K, committed 59160K, reserved 1099776K
  class space    used 7818K, capacity 8314K, committed 8368K, reserved 1048576K
Event: 10.900 GC heap after
Heap after GC invocations=15 (full 3):
 PSYoungGen      total 175104K, used 0K [0x00000000d5580000, 0x00000000e2900000, 0x0000000100000000)
  eden space 156160K, 0% used [0x00000000d5580000,0x00000000d5580000,0x00000000dee00000)
  from space 18944K, 0% used [0x00000000e0080000,0x00000000e0080000,0x00000000e1300000)
  to   space 18944K, 0% used [0x00000000dee00000,0x00000000dee00000,0x00000000e0080000)
 ParOldGen       total 144384K, used 31050K [0x0000000080000000, 0x0000000088d00000, 0x00000000d5580000)
  object space 144384K, 21% used [0x0000000080000000,0x0000000081e52860,0x0000000088d00000)
 Metaspace       used 57039K, capacity 59040K, committed 59160K, reserved 1099776K
  class space    used 7813K, capacity 8303K, committed 8368K, reserved 1048576K
}

